[13Jul2020 21:10:28.541] [main/INFO] [cpw.mods.modlauncher.Launcher/MODLAUNCHER]: ModLauncher running: args [--gameDir, ., --launchTarget, fmluserdevclient, --fml.mcpVersion, 20200625.160719, --fml.mcVersion, 1.16.1, --fml.forgeGroup, net.minecraftforge, --fml.forgeVersion, 32.0.61, --version, MOD_DEV, --assetIndex, 1.16, --assetsDir, /home/leon/.gradle/caches/forge_gradle/assets, --username, Dev, --accessToken, ❄❄❄❄❄❄❄❄, --userProperties, {}]
[13Jul2020 21:10:28.548] [main/INFO] [cpw.mods.modlauncher.Launcher/MODLAUNCHER]: ModLauncher 5.1.0+69+master.79f13f7 starting: java version 1.8.0_252 by Private Build
[13Jul2020 21:10:28.929] [main/INFO] [net.minecraftforge.fml.loading.FixSSL/CORE]: Added Lets Encrypt root certificates as additional trust
[13Jul2020 21:10:29.019] [main/WARN] [net.minecraftforge.fml.loading.FMLConfig/CORE]: Configuration file /home/leon/Development/Minecraft/1.16.1/Centralized-Materials/run/config/fml.toml is not correct. Correcting
[13Jul2020 21:10:29.030] [main/WARN] [net.minecraftforge.fml.loading.FMLConfig/CORE]: Incorrect key [defaultConfigPath] was corrected from null to defaultconfigs
[13Jul2020 21:10:29.033] [main/WARN] [net.minecraftforge.fml.loading.FMLConfig/CORE]: Incorrect key [maxThreads] was corrected from null to -1
[13Jul2020 21:10:29.033] [Thread-1/INFO] [STDERR/]: [com.electronwill.nightconfig.core.file.FileWatcher$WatcherThread:run:183]: com.electronwill.nightconfig.core.io.ParsingException: Invalid TOML data: entry "[maxThreads]" defined twice in its table.
[13Jul2020 21:10:29.035] [Thread-1/INFO] [STDERR/]: [com.electronwill.nightconfig.core.file.FileWatcher$WatcherThread:run:183]: 	at com.electronwill.nightconfig.toml.TableParser.checkDuplicateKey(TableParser.java:88)
[13Jul2020 21:10:29.035] [Thread-1/INFO] [STDERR/]: [com.electronwill.nightconfig.core.file.FileWatcher$WatcherThread:run:183]: 	at com.electronwill.nightconfig.toml.TableParser.parseNormal(TableParser.java:59)
[13Jul2020 21:10:29.036] [Thread-1/INFO] [STDERR/]: [com.electronwill.nightconfig.core.file.FileWatcher$WatcherThread:run:183]: 	at com.electronwill.nightconfig.toml.TomlParser.parse(TomlParser.java:44)
[13Jul2020 21:10:29.037] [Thread-1/INFO] [STDERR/]: [com.electronwill.nightconfig.core.file.FileWatcher$WatcherThread:run:183]: 	at com.electronwill.nightconfig.toml.TomlParser.parse(TomlParser.java:37)
[13Jul2020 21:10:29.038] [Thread-1/INFO] [STDERR/]: [com.electronwill.nightconfig.core.file.FileWatcher$WatcherThread:run:183]: 	at com.electronwill.nightconfig.core.io.ConfigParser.parse(ConfigParser.java:113)
[13Jul2020 21:10:29.039] [Thread-1/INFO] [STDERR/]: [com.electronwill.nightconfig.core.file.FileWatcher$WatcherThread:run:183]: 	at com.electronwill.nightconfig.core.io.ConfigParser.parse(ConfigParser.java:219)
[13Jul2020 21:10:29.040] [Thread-1/INFO] [STDERR/]: [com.electronwill.nightconfig.core.file.FileWatcher$WatcherThread:run:183]: 	at com.electronwill.nightconfig.core.io.ConfigParser.parse(ConfigParser.java:202)
[13Jul2020 21:10:29.040] [Thread-1/INFO] [STDERR/]: [com.electronwill.nightconfig.core.file.FileWatcher$WatcherThread:run:183]: 	at com.electronwill.nightconfig.core.file.WriteSyncFileConfig.load(WriteSyncFileConfig.java:73)
[13Jul2020 21:10:29.040] [Thread-1/INFO] [STDERR/]: [com.electronwill.nightconfig.core.file.FileWatcher$WatcherThread:run:183]: 	at com.electronwill.nightconfig.core.file.FileWatcher$WatcherThread.run(FileWatcher.java:181)
[13Jul2020 21:10:30.787] [main/INFO] [cpw.mods.modlauncher.LaunchServiceHandler/MODLAUNCHER]: Launching target 'fmluserdevclient' with arguments [--version, MOD_DEV, --gameDir, ., --assetsDir, /home/leon/.gradle/caches/forge_gradle/assets, --assetIndex, 1.16, --username, Dev, --accessToken, ❄❄❄❄❄❄❄❄, --userProperties, {}]
[13Jul2020 21:10:53.619] [Render thread/INFO] [com.mojang.authlib.yggdrasil.YggdrasilAuthenticationService/]: Environment: authHost='https://authserver.mojang.com', accountsHost='https://api.mojang.com', sessionHost='https://sessionserver.mojang.com', name='PROD'
[13Jul2020 21:10:53.626] [Render thread/INFO] [net.minecraft.client.Minecraft/]: Setting user: Dev
[13Jul2020 21:10:54.204] [Render thread/INFO] [net.minecraft.client.Minecraft/]: Backend library: LWJGL version 3.2.2 build 10
[13Jul2020 21:10:55.552] [Render thread/FATAL] [net.minecraftforge.fml.ModLoader/CORE]: Error during pre-loading phase
net.minecraftforge.fml.ModLoadingException: Mod §ecentralizedmaterials§r requires §6minecraft§r §o1.14.4§r
§7Currently, §6minecraft§r§7 is §o1.16.1
	at net.minecraftforge.fml.ModLoadingException.lambda$fromEarlyException$0(ModLoadingException.java:63) ~[forge-1.16.1-32.0.61_mapped_snapshot_20200707-1.16.1-recomp.jar:?]
	at java.util.stream.ReferencePipeline$3$1.accept(ReferencePipeline.java:193) ~[?:1.8.0_252]
	at java.util.ArrayList$ArrayListSpliterator.forEachRemaining(ArrayList.java:1382) ~[?:1.8.0_252]
	at java.util.stream.AbstractPipeline.copyInto(AbstractPipeline.java:482) ~[?:1.8.0_252]
	at java.util.stream.AbstractPipeline.wrapAndCopyInto(AbstractPipeline.java:472) ~[?:1.8.0_252]
	at java.util.stream.ForEachOps$ForEachOp.evaluateSequential(ForEachOps.java:150) ~[?:1.8.0_252]
	at java.util.stream.ForEachOps$ForEachOp$OfRef.evaluateSequential(ForEachOps.java:173) ~[?:1.8.0_252]
	at java.util.stream.AbstractPipeline.evaluate(AbstractPipeline.java:234) ~[?:1.8.0_252]
	at java.util.stream.ReferencePipeline.forEach(ReferencePipeline.java:485) ~[?:1.8.0_252]
	at java.util.stream.ReferencePipeline$7$1.accept(ReferencePipeline.java:272) ~[?:1.8.0_252]
	at java.util.ArrayList$ArrayListSpliterator.forEachRemaining(ArrayList.java:1382) ~[?:1.8.0_252]
	at java.util.stream.AbstractPipeline.copyInto(AbstractPipeline.java:482) ~[?:1.8.0_252]
	at java.util.stream.AbstractPipeline.wrapAndCopyInto(AbstractPipeline.java:472) ~[?:1.8.0_252]
	at java.util.stream.ReduceOps$ReduceOp.evaluateSequential(ReduceOps.java:708) ~[?:1.8.0_252]
	at java.util.stream.AbstractPipeline.evaluate(AbstractPipeline.java:234) ~[?:1.8.0_252]
	at java.util.stream.ReferencePipeline.collect(ReferencePipeline.java:566) ~[?:1.8.0_252]
	at net.minecraftforge.fml.ModLoader.<init>(ModLoader.java:118) ~[forge-1.16.1-32.0.61_mapped_snapshot_20200707-1.16.1-recomp.jar:?]
	at net.minecraftforge.fml.ModLoader.get(ModLoader.java:147) ~[forge-1.16.1-32.0.61_mapped_snapshot_20200707-1.16.1-recomp.jar:?]
	at net.minecraftforge.fml.client.ClientModLoader.lambda$begin$2(ClientModLoader.java:93) ~[forge-1.16.1-32.0.61_mapped_snapshot_20200707-1.16.1-recomp.jar:?]
	at net.minecraftforge.fml.client.ClientModLoader.lambda$createRunnableWithCatch$5(ClientModLoader.java:109) ~[forge-1.16.1-32.0.61_mapped_snapshot_20200707-1.16.1-recomp.jar:?]
	at net.minecraftforge.fml.client.ClientModLoader.begin(ClientModLoader.java:93) ~[forge-1.16.1-32.0.61_mapped_snapshot_20200707-1.16.1-recomp.jar:?]
	at net.minecraft.client.Minecraft.<init>(Minecraft.java:430) ~[forge-1.16.1-32.0.61_mapped_snapshot_20200707-1.16.1-recomp.jar:?]
	at net.minecraft.client.main.Main.main(Main.java:149) ~[forge-1.16.1-32.0.61_mapped_snapshot_20200707-1.16.1-recomp.jar:?]
	at sun.reflect.NativeMethodAccessorImpl.invoke0(Native Method) ~[?:1.8.0_252]
	at sun.reflect.NativeMethodAccessorImpl.invoke(NativeMethodAccessorImpl.java:62) ~[?:1.8.0_252]
	at sun.reflect.DelegatingMethodAccessorImpl.invoke(DelegatingMethodAccessorImpl.java:43) ~[?:1.8.0_252]
	at java.lang.reflect.Method.invoke(Method.java:498) ~[?:1.8.0_252]
	at net.minecraftforge.userdev.FMLUserdevClientLaunchProvider.lambda$launchService$0(FMLUserdevClientLaunchProvider.java:55) ~[forge-1.16.1-32.0.61_mapped_snapshot_20200707-1.16.1-recomp.jar:?]
	at cpw.mods.modlauncher.LaunchServiceHandlerDecorator.launch(LaunchServiceHandlerDecorator.java:37) [modlauncher-5.1.0.jar:?]
	at cpw.mods.modlauncher.LaunchServiceHandler.launch(LaunchServiceHandler.java:54) [modlauncher-5.1.0.jar:?]
	at cpw.mods.modlauncher.LaunchServiceHandler.launch(LaunchServiceHandler.java:72) [modlauncher-5.1.0.jar:?]
	at cpw.mods.modlauncher.Launcher.run(Launcher.java:81) [modlauncher-5.1.0.jar:?]
	at cpw.mods.modlauncher.Launcher.main(Launcher.java:65) [modlauncher-5.1.0.jar:?]
	at net.minecraftforge.userdev.LaunchTesting.main(LaunchTesting.java:105) [forge-1.16.1-32.0.61_mapped_snapshot_20200707-1.16.1-recomp.jar:?]
[13Jul2020 21:10:55.595] [Render thread/FATAL] [net.minecraftforge.eventbus.EventBus/EVENTBUS]: EventBus 0 shutting down - future events will not be posted.
java.lang.Exception: stacktrace
	at net.minecraftforge.eventbus.EventBus.shutdown(EventBus.java:278) ~[eventbus-2.2.0-service.jar:?]
	at net.minecraftforge.fml.client.ClientModLoader.lambda$createRunnableWithCatch$5(ClientModLoader.java:111) ~[forge-1.16.1-32.0.61_mapped_snapshot_20200707-1.16.1-recomp.jar:?]
	at net.minecraftforge.fml.client.ClientModLoader.begin(ClientModLoader.java:93) ~[forge-1.16.1-32.0.61_mapped_snapshot_20200707-1.16.1-recomp.jar:?]
	at net.minecraft.client.Minecraft.<init>(Minecraft.java:430) ~[forge-1.16.1-32.0.61_mapped_snapshot_20200707-1.16.1-recomp.jar:?]
	at net.minecraft.client.main.Main.main(Main.java:149) ~[forge-1.16.1-32.0.61_mapped_snapshot_20200707-1.16.1-recomp.jar:?]
	at sun.reflect.NativeMethodAccessorImpl.invoke0(Native Method) ~[?:1.8.0_252]
	at sun.reflect.NativeMethodAccessorImpl.invoke(NativeMethodAccessorImpl.java:62) ~[?:1.8.0_252]
	at sun.reflect.DelegatingMethodAccessorImpl.invoke(DelegatingMethodAccessorImpl.java:43) ~[?:1.8.0_252]
	at java.lang.reflect.Method.invoke(Method.java:498) ~[?:1.8.0_252]
	at net.minecraftforge.userdev.FMLUserdevClientLaunchProvider.lambda$launchService$0(FMLUserdevClientLaunchProvider.java:55) ~[forge-1.16.1-32.0.61_mapped_snapshot_20200707-1.16.1-recomp.jar:?]
	at cpw.mods.modlauncher.LaunchServiceHandlerDecorator.launch(LaunchServiceHandlerDecorator.java:37) [modlauncher-5.1.0.jar:?]
	at cpw.mods.modlauncher.LaunchServiceHandler.launch(LaunchServiceHandler.java:54) [modlauncher-5.1.0.jar:?]
	at cpw.mods.modlauncher.LaunchServiceHandler.launch(LaunchServiceHandler.java:72) [modlauncher-5.1.0.jar:?]
	at cpw.mods.modlauncher.Launcher.run(Launcher.java:81) [modlauncher-5.1.0.jar:?]
	at cpw.mods.modlauncher.Launcher.main(Launcher.java:65) [modlauncher-5.1.0.jar:?]
	at net.minecraftforge.userdev.LaunchTesting.main(LaunchTesting.java:105) [forge-1.16.1-32.0.61_mapped_snapshot_20200707-1.16.1-recomp.jar:?]
